c:\users\john\documents\visual studio 2015\projects\cosc1337_finalproject\cosc1337_finalproject\debug\vc140.pdb
c:\users\john\documents\visual studio 2015\projects\cosc1337_finalproject\cosc1337_finalproject\debug\.netframework,version=v4.5.2.assemblyattributes.obj
c:\users\john\documents\visual studio 2015\projects\cosc1337_finalproject\cosc1337_finalproject\debug\.netframework,version=v4.5.2.assemblyattributes.asm
c:\users\john\documents\visual studio 2015\projects\cosc1337_finalproject\cosc1337_finalproject\debug\fmmain.obj
c:\users\john\documents\visual studio 2015\projects\cosc1337_finalproject\cosc1337_finalproject\debug\main.obj
c:\users\john\documents\visual studio 2015\projects\cosc1337_finalproject\cosc1337_finalproject\debug\stdafx.obj
c:\users\john\documents\visual studio 2015\projects\cosc1337_finalproject\cosc1337_finalproject\debug\membersdeclared.obj
c:\users\john\documents\visual studio 2015\projects\cosc1337_finalproject\cosc1337_finalproject\debug\member.obj
c:\users\john\documents\visual studio 2015\projects\cosc1337_finalproject\cosc1337_finalproject\debug\htmltable.obj
c:\users\john\documents\visual studio 2015\projects\cosc1337_finalproject\cosc1337_finalproject\debug\cosc1337_finalproject.fmtable.resources
c:\users\john\documents\visual studio 2015\projects\cosc1337_finalproject\debug\cosc1337_finalproject.exe
c:\users\john\documents\visual studio 2015\projects\cosc1337_finalproject\debug\cosc1337_finalproject.pdb
c:\users\john\documents\visual studio 2015\projects\cosc1337_finalproject\cosc1337_finalproject\debug\cosc1337_finalproject.vcxproj.generateresource.cache
c:\users\john\documents\visual studio 2015\projects\cosc1337_finalproject\cosc1337_finalproject\debug\cosc1337_finalproject.vcxprojresolveassemblyreference.cache
c:\users\john\documents\visual studio 2015\projects\cosc1337_finalproject\cosc1337_finalproject\debug\cosc1337.1805249b.tlog\cl.command.1.tlog
c:\users\john\documents\visual studio 2015\projects\cosc1337_finalproject\cosc1337_finalproject\debug\cosc1337.1805249b.tlog\cl.read.1.tlog
c:\users\john\documents\visual studio 2015\projects\cosc1337_finalproject\cosc1337_finalproject\debug\cosc1337.1805249b.tlog\cl.write.1.tlog
c:\users\john\documents\visual studio 2015\projects\cosc1337_finalproject\cosc1337_finalproject\debug\cosc1337.1805249b.tlog\cosc1337_finalproject.write.1u.tlog
c:\users\john\documents\visual studio 2015\projects\cosc1337_finalproject\cosc1337_finalproject\debug\cosc1337.1805249b.tlog\link.13436.3064-cvtres.read.1.tlog
c:\users\john\documents\visual studio 2015\projects\cosc1337_finalproject\cosc1337_finalproject\debug\cosc1337.1805249b.tlog\link.13436.3064-cvtres.write.1.tlog
c:\users\john\documents\visual studio 2015\projects\cosc1337_finalproject\cosc1337_finalproject\debug\cosc1337.1805249b.tlog\link.13436.3064-rc.read.1.tlog
c:\users\john\documents\visual studio 2015\projects\cosc1337_finalproject\cosc1337_finalproject\debug\cosc1337.1805249b.tlog\link.13436.3064-rc.write.1.tlog
c:\users\john\documents\visual studio 2015\projects\cosc1337_finalproject\cosc1337_finalproject\debug\cosc1337.1805249b.tlog\link.13436.3064.read.1.tlog
c:\users\john\documents\visual studio 2015\projects\cosc1337_finalproject\cosc1337_finalproject\debug\cosc1337.1805249b.tlog\link.13436.3064.write.1.tlog
c:\users\john\documents\visual studio 2015\projects\cosc1337_finalproject\cosc1337_finalproject\debug\cosc1337.1805249b.tlog\link.13436.read.1.tlog
c:\users\john\documents\visual studio 2015\projects\cosc1337_finalproject\cosc1337_finalproject\debug\cosc1337.1805249b.tlog\link.13436.write.1.tlog
c:\users\john\documents\visual studio 2015\projects\cosc1337_finalproject\cosc1337_finalproject\debug\cosc1337.1805249b.tlog\link.15372.8700-cvtres.read.1.tlog
c:\users\john\documents\visual studio 2015\projects\cosc1337_finalproject\cosc1337_finalproject\debug\cosc1337.1805249b.tlog\link.15372.8700-cvtres.write.1.tlog
c:\users\john\documents\visual studio 2015\projects\cosc1337_finalproject\cosc1337_finalproject\debug\cosc1337.1805249b.tlog\link.15372.8700-rc.read.1.tlog
c:\users\john\documents\visual studio 2015\projects\cosc1337_finalproject\cosc1337_finalproject\debug\cosc1337.1805249b.tlog\link.15372.8700-rc.write.1.tlog
c:\users\john\documents\visual studio 2015\projects\cosc1337_finalproject\cosc1337_finalproject\debug\cosc1337.1805249b.tlog\link.15372.8700.read.1.tlog
c:\users\john\documents\visual studio 2015\projects\cosc1337_finalproject\cosc1337_finalproject\debug\cosc1337.1805249b.tlog\link.15372.8700.write.1.tlog
c:\users\john\documents\visual studio 2015\projects\cosc1337_finalproject\cosc1337_finalproject\debug\cosc1337.1805249b.tlog\link.15372.read.1.tlog
c:\users\john\documents\visual studio 2015\projects\cosc1337_finalproject\cosc1337_finalproject\debug\cosc1337.1805249b.tlog\link.15372.write.1.tlog
c:\users\john\documents\visual studio 2015\projects\cosc1337_finalproject\cosc1337_finalproject\debug\cosc1337.1805249b.tlog\link.command.1.tlog
c:\users\john\documents\visual studio 2015\projects\cosc1337_finalproject\cosc1337_finalproject\debug\cosc1337.1805249b.tlog\link.read.1.tlog
c:\users\john\documents\visual studio 2015\projects\cosc1337_finalproject\cosc1337_finalproject\debug\cosc1337.1805249b.tlog\link.write.1.tlog
c:\users\john\documents\visual studio 2015\projects\cosc1337_finalproject\cosc1337_finalproject\debug\cosc1337.1805249b.tlog\metagen.read.1.tlog
c:\users\john\documents\visual studio 2015\projects\cosc1337_finalproject\cosc1337_finalproject\debug\cosc1337.1805249b.tlog\metagen.write.1.tlog
c:\users\john\documents\visual studio 2015\projects\cosc1337_finalproject\cosc1337_finalproject\debug\cosc1337.1805249b.tlog\tzres.dll.bi
